C:\USERS\RIVALINO\DESKTOP\COLISION_GALAXIAS_FINAL\CHOQUEGALAXIAS_CPU\CHOQUEGALAXIAS\DEBUG\CHOQUEGALAXIAS_CPU.EXE.INTERMEDIATE.MANIFEST
C:\Users\Rivalino\Desktop\COLISION_GALAXIAS_FINAL\ChoqueGalaxias_CPU\ChoqueGalaxias\Debug\cl.command.1.tlog
C:\Users\Rivalino\Desktop\COLISION_GALAXIAS_FINAL\ChoqueGalaxias_CPU\ChoqueGalaxias\Debug\CL.read.1.tlog
C:\Users\Rivalino\Desktop\COLISION_GALAXIAS_FINAL\ChoqueGalaxias_CPU\ChoqueGalaxias\Debug\CL.write.1.tlog
C:\USERS\RIVALINO\DESKTOP\COLISION_GALAXIAS_FINAL\CHOQUEGALAXIAS_CPU\CHOQUEGALAXIAS\DEBUG\CUERPO.OBJ
C:\Users\Rivalino\Desktop\COLISION_GALAXIAS_FINAL\ChoqueGalaxias_CPU\ChoqueGalaxias\Debug\GalaxiaQT.cu.cache
C:\Users\Rivalino\Desktop\COLISION_GALAXIAS_FINAL\ChoqueGalaxias_CPU\ChoqueGalaxias\Debug\GalaxiaQT.cu.obj
C:\USERS\RIVALINO\DESKTOP\COLISION_GALAXIAS_FINAL\CHOQUEGALAXIAS_CPU\CHOQUEGALAXIAS\DEBUG\GRAFICAR.OBJ
C:\Users\Rivalino\Desktop\COLISION_GALAXIAS_FINAL\ChoqueGalaxias_CPU\ChoqueGalaxias\Debug\link.command.1.tlog
C:\Users\Rivalino\Desktop\COLISION_GALAXIAS_FINAL\ChoqueGalaxias_CPU\ChoqueGalaxias\Debug\link.read.1.tlog
C:\Users\Rivalino\Desktop\COLISION_GALAXIAS_FINAL\ChoqueGalaxias_CPU\ChoqueGalaxias\Debug\link.write.1.tlog
C:\Users\Rivalino\Desktop\COLISION_GALAXIAS_FINAL\ChoqueGalaxias_CPU\ChoqueGalaxias\Debug\main.cu.cache
C:\Users\Rivalino\Desktop\COLISION_GALAXIAS_FINAL\ChoqueGalaxias_CPU\ChoqueGalaxias\Debug\main.cu.obj
C:\Users\Rivalino\Desktop\COLISION_GALAXIAS_FINAL\ChoqueGalaxias_CPU\ChoqueGalaxias\Debug\mt.command.1.tlog
C:\Users\Rivalino\Desktop\COLISION_GALAXIAS_FINAL\ChoqueGalaxias_CPU\ChoqueGalaxias\Debug\mt.read.1.tlog
C:\Users\Rivalino\Desktop\COLISION_GALAXIAS_FINAL\ChoqueGalaxias_CPU\ChoqueGalaxias\Debug\mt.write.1.tlog
C:\Users\Rivalino\Desktop\COLISION_GALAXIAS_FINAL\ChoqueGalaxias_CPU\ChoqueGalaxias\Debug\vc100.idb
C:\USERS\RIVALINO\DESKTOP\COLISION_GALAXIAS_FINAL\CHOQUEGALAXIAS_CPU\CHOQUEGALAXIAS\DEBUG\VC100.PDB
C:\USERS\RIVALINO\DESKTOP\COLISION_GALAXIAS_FINAL\CHOQUEGALAXIAS_CPU\DEBUG\CHOQUEGALAXIAS_CPU.EXE
C:\USERS\RIVALINO\DESKTOP\COLISION_GALAXIAS_FINAL\CHOQUEGALAXIAS_CPU\DEBUG\CHOQUEGALAXIAS_CPU.ILK
C:\USERS\RIVALINO\DESKTOP\COLISION_GALAXIAS_FINAL\CHOQUEGALAXIAS_CPU\DEBUG\CHOQUEGALAXIAS_CPU.PDB
