C:\USERS\RIVALINO\DESKTOP\COLISION_CUDA_FINAAAAAL\CHOQUEGALAXIAS_GPU\DEBUG\GALAXIACOLISION_GPU.EXE
C:\USERS\RIVALINO\DESKTOP\COLISION_CUDA_FINAAAAAL\CHOQUEGALAXIAS_GPU\DEBUG\GALAXIACOLISION_GPU.ILK
C:\USERS\RIVALINO\DESKTOP\COLISION_CUDA_FINAAAAAL\CHOQUEGALAXIAS_GPU\DEBUG\GALAXIACOLISION_GPU.PDB
C:\Users\Rivalino\Desktop\COLISION_CUDA_FINAAAAAL\ChoqueGalaxias_GPU\Galaxia1\Debug\cl.command.1.tlog
C:\Users\Rivalino\Desktop\COLISION_CUDA_FINAAAAAL\ChoqueGalaxias_GPU\Galaxia1\Debug\CL.read.1.tlog
C:\Users\Rivalino\Desktop\COLISION_CUDA_FINAAAAAL\ChoqueGalaxias_GPU\Galaxia1\Debug\CL.write.1.tlog
C:\Users\Rivalino\Desktop\COLISION_CUDA_FINAAAAAL\ChoqueGalaxias_GPU\Galaxia1\Debug\Galaxia.cu.cache
C:\Users\Rivalino\Desktop\COLISION_CUDA_FINAAAAAL\ChoqueGalaxias_GPU\Galaxia1\Debug\Galaxia.cu.obj
C:\USERS\RIVALINO\DESKTOP\COLISION_CUDA_FINAAAAAL\CHOQUEGALAXIAS_GPU\GALAXIA1\DEBUG\GALAXIACOLISION_GPU.EXE.INTERMEDIATE.MANIFEST
C:\USERS\RIVALINO\DESKTOP\COLISION_CUDA_FINAAAAAL\CHOQUEGALAXIAS_GPU\GALAXIA1\DEBUG\GRAFICAR.OBJ
C:\Users\Rivalino\Desktop\COLISION_CUDA_FINAAAAAL\ChoqueGalaxias_GPU\Galaxia1\Debug\link.command.1.tlog
C:\Users\Rivalino\Desktop\COLISION_CUDA_FINAAAAAL\ChoqueGalaxias_GPU\Galaxia1\Debug\link.read.1.tlog
C:\Users\Rivalino\Desktop\COLISION_CUDA_FINAAAAAL\ChoqueGalaxias_GPU\Galaxia1\Debug\link.write.1.tlog
C:\Users\Rivalino\Desktop\COLISION_CUDA_FINAAAAAL\ChoqueGalaxias_GPU\Galaxia1\Debug\main.cu.cache
C:\Users\Rivalino\Desktop\COLISION_CUDA_FINAAAAAL\ChoqueGalaxias_GPU\Galaxia1\Debug\main.cu.obj
C:\Users\Rivalino\Desktop\COLISION_CUDA_FINAAAAAL\ChoqueGalaxias_GPU\Galaxia1\Debug\mt.command.1.tlog
C:\Users\Rivalino\Desktop\COLISION_CUDA_FINAAAAAL\ChoqueGalaxias_GPU\Galaxia1\Debug\mt.read.1.tlog
C:\Users\Rivalino\Desktop\COLISION_CUDA_FINAAAAAL\ChoqueGalaxias_GPU\Galaxia1\Debug\mt.write.1.tlog
C:\Users\Rivalino\Desktop\COLISION_CUDA_FINAAAAAL\ChoqueGalaxias_GPU\Galaxia1\Debug\vc100.idb
C:\USERS\RIVALINO\DESKTOP\COLISION_CUDA_FINAAAAAL\CHOQUEGALAXIAS_GPU\GALAXIA1\DEBUG\VC100.PDB
